theta_hat = [8.252515052738755, 0.2, 0.9, 0.2, 0.05792025732263979, -5.43499415749763, 3.0, 0.85]

DE: high-grad region idx 4 (grad 0.37, Land = Berlin, AfD 0.15)
DE: low-grad region idx 14 (grad 0.24, Land = Sachsen-Anhalt, AfD 0.34)
DE: target differential AfD(low-grad) - AfD(high-grad) = +0.190

UK: high-grad region idx 0 (grad 0.52, region = Greater London, Leave 0.402)
UK: low-grad region idx 10 (grad 0.29, region = North East, Leave 0.581)
UK: target differential Leave(low-grad) - Leave(high-grad) = +0.179

=== Control (gamma = 0) ===
  DE control: partial_corr=+0.4548, cleavage=+0.2664, dispersion=0.0520, aggregate=0.2000, differential=+0.0992
  UK control: partial_corr=+0.3022, cleavage=+0.2294, dispersion=0.0422, aggregate=0.1755, differential=+0.1366

=== Calibrating gamma (DE) to target differential +0.190 ===
    DE gamma=-30.000: differential=+0.4074
    DE gamma=+0.000: differential=+0.0972
    DE gamma=-15.000: differential=+0.2765
    DE gamma=-7.500: differential=+0.1875
  DE gamma_hat = -7.5000

=== Calibrating gamma (UK) to target differential +0.179 ===
    UK gamma=-30.000: differential=+0.4548
    UK gamma=+0.000: differential=+0.1333
    UK gamma=-15.000: differential=+0.3255
    UK gamma=-7.500: differential=+0.2404
    UK gamma=-3.750: differential=+0.1908
    UK gamma=-1.875: differential=+0.1622
    UK gamma=-2.812: differential=+0.1765
  UK gamma_hat = -2.8125

=== Recomputing moments at country-specific gamma, 10 seeds ===

=== Shared gamma = mean(DE, UK) = -5.1562, 10 seeds ===

Saved outputs/cosmopolitan_pilot.json

==============================================================================================================
PILOT RESULTS TABLE
==============================================================================================================
country     spec                    gamma    partial   cleavage  dispersion  aggregate
--------------------------------------------------------------------------------------------------------------
Germany     control (gamma=0)      +0.000    +0.4548    +0.2664      0.0520  0.2000
Germany     country-specific       -7.500    +0.2692    +0.2660      0.0686  0.1996
Germany     shared gamma           -5.156    +0.3182    +0.2659      0.0630  0.1996
UK          control (gamma=0)      +0.000    +0.3022    +0.2294      0.0422  0.1755
UK          country-specific       -2.812    +0.2578    +0.2290      0.0547  0.1756
UK          shared gamma           -5.156    +0.2317    +0.2296      0.0645  0.1762
