Solving beta_0 for 45 gamma combinations (3 seeds per evaluation, T=15) ...

Anchor-matching set: 14 of 45 combinations (|vote-0.208|<=0.01, |gap-0.1|<=0.015)
   g1    g2    g3   beta0    vote     gap  match
------------------------------------------------
 0.00  0.27  0.24   -1.60   0.208   0.042  
 0.00  0.27  0.49   -1.70   0.208   0.072  
 0.00  0.27  0.73   -1.82   0.205   0.101  YES
 0.00  0.54  0.24   -1.65   0.207   0.053  
 0.00  0.54  0.49   -1.75   0.208   0.084  
 0.00  0.54  0.73   -1.82   0.214   0.115  YES
 0.00  0.81  0.24   -1.70   0.207   0.064  
 0.00  0.81  0.49   -1.82   0.205   0.093  YES
 0.00  0.81  0.73   -1.91   0.208   0.124  
 0.15  0.27  0.24   -1.63   0.208   0.054  
 0.15  0.27  0.49   -1.74   0.207   0.084  
 0.15  0.27  0.73   -1.82   0.213   0.114  YES
 0.15  0.54  0.24   -1.68   0.207   0.064  
 0.15  0.54  0.49   -1.82   0.203   0.093  YES
 0.15  0.54  0.73   -1.89   0.208   0.124  
 0.15  0.81  0.24   -1.73   0.207   0.075  
 0.15  0.81  0.49   -1.82   0.212   0.107  YES
 0.15  0.81  0.73   -1.95   0.208   0.134  
 0.29  0.27  0.24   -1.67   0.208   0.065  
 0.29  0.27  0.49   -1.82   0.200   0.092  YES
 0.29  0.27  0.73   -1.88   0.207   0.123  
 0.29  0.54  0.24   -1.72   0.208   0.076  
 0.29  0.54  0.49   -1.82   0.209   0.105  YES
 0.29  0.54  0.73   -1.93   0.208   0.134  
 0.29  0.81  0.24   -1.82   0.199   0.082  
 0.29  0.81  0.49   -1.88   0.208   0.116  
 0.29  0.81  0.73   -1.98   0.209   0.144  
 0.44  0.27  0.24   -1.71   0.209   0.076  
 0.44  0.27  0.49   -1.82   0.207   0.105  YES
 0.44  0.27  0.73   -1.92   0.208   0.135  
 0.44  0.54  0.24   -1.76   0.208   0.087  YES
 0.44  0.54  0.49   -1.82   0.216   0.118  
 0.44  0.54  0.73   -1.97   0.208   0.145  
 0.44  0.81  0.24   -1.82   0.206   0.096  YES
 0.44  0.81  0.49   -1.92   0.208   0.127  
 0.44  0.81  0.73   -2.03   0.209   0.154  
 0.59  0.27  0.24   -1.75   0.208   0.088  YES
 0.59  0.27  0.49   -1.82   0.214   0.118  
 0.59  0.27  0.73   -1.96   0.208   0.146  
 0.59  0.54  0.24   -1.82   0.204   0.096  YES
 0.59  0.54  0.49   -1.91   0.208   0.128  
 0.59  0.54  0.73   -2.02   0.209   0.155  
 0.59  0.81  0.24   -1.82   0.213   0.109  YES
 0.59  0.81  0.49   -1.96   0.208   0.138  
 0.59  0.81  0.73   -2.06   0.210   0.164  

Policy decomposition at rent_light: gamma=(0.0, 0.27, 0.73), beta0=-1.82
  checks YYNYYY  dVote {'rent': -0.0006, 'supply': -0.0032, 'access': -0.0011, 'transfer': -0.0216, 'bundle': -0.0277}

Policy decomposition at rent_heavy: gamma=(0.59, 0.27, 0.24), beta0=-1.747
  checks YYYYYY  dVote {'rent': -0.0045, 'supply': -0.0034, 'access': -0.0004, 'transfer': -0.0092, 'bundle': -0.0193}

Wrote /home/user/abm-paper-housing-voting/outputs/gamma_manifold.json
