theta_hat = [8.252515052738755, 0.2, 0.9, 0.2, 0.05792025732263979, -5.43499415749763, 3.0, 0.85]
Seeds = [73, 74, 75, 76, 77, 78, 79, 80, 81, 82]
Cells = ['4A: gain=0.25, cost=0.04, p50', '4B: gain=0.5, cost=0.00, p50']

=== 4A: gain=0.25, cost=0.04, p50 ===
  Simulating DE (10 seeds)...
  Simulating UK (10 seeds)...
  aggregate AfD = +0.1192  (target +0.2080, error -0.0888)
  DE cleavage   = +0.1398  (target +0.1500, error -0.0102)
  UK cleavage   = +0.1146  (target +0.1500, error -0.0354)
  DE dispersion = 0.0324   (target 0.0800)
  Moment fit    = 7/12

=== 4B: gain=0.5, cost=0.00, p50 ===
  Simulating DE (10 seeds)...
  Simulating UK (10 seeds)...
  aggregate AfD = +0.1082  (target +0.2080, error -0.0998)
  DE cleavage   = +0.1628  (target +0.1500, error +0.0128)
  UK cleavage   = +0.1326  (target +0.1500, error -0.0174)
  DE dispersion = 0.0305   (target 0.0800)
  Moment fit    = 7/12

Saved outputs/o_construction_addendum.json

========================================================================================================================
ADDENDUM TABLE
========================================================================================================================
cell                                             agg AfD    AfD err    DE cleav    UK cleav    DE disp    fit
------------------------------------------------------------------------------------------------------------------------
4A: gain=0.25, cost=0.04, p50                    +0.1192    -0.0888     +0.1398     +0.1146     0.0324   7/12
4B: gain=0.5, cost=0.00, p50                     +0.1082    -0.0998     +0.1628     +0.1326     0.0305   7/12
