theta_hat = [8.252515052738755, 0.2, 0.9, 0.2, 0.05792025732263979, -5.43499415749763, 3.0, 0.85]
Seeds = [73, 74, 75, 76, 77, 78, 79, 80, 81, 82]
Cells = ['baseline (gain=1.0, cost=0.0, p75)', '1A: gain=0.5, cost=0.0, p75', '1A: gain=0.25, cost=0.0, p75', '1A: gain=0.0, cost=0.0, p75', '1B: gain=1.0, cost=0.04, p75', '1C joint: gain=0.25, cost=0.04, p75', '2C: gain=1.0, cost=0.0, p50']

=== baseline (gain=1.0, cost=0.0, p75) ===
  Simulating DE (10 seeds)...
  Simulating UK (10 seeds)...
  aggregate AfD = +0.2086  (target +0.2080, error +0.0006)
  DE cleavage   = +0.2782  (target +0.1500, error +0.1282)
  UK cleavage   = +0.2294  (target +0.1500, error +0.0794)
  DE dispersion = 0.0514   (target 0.0800)
  Moment fit    = 11/12

=== 1A: gain=0.5, cost=0.0, p75 ===
  Simulating DE (10 seeds)...
  Simulating UK (10 seeds)...
  aggregate AfD = +0.2122  (target +0.2080, error +0.0042)
  DE cleavage   = +0.2714  (target +0.1500, error +0.1214)
  UK cleavage   = +0.2243  (target +0.1500, error +0.0743)
  DE dispersion = 0.0508   (target 0.0800)
  Moment fit    = 11/12

=== 1A: gain=0.25, cost=0.0, p75 ===
  Simulating DE (10 seeds)...
  Simulating UK (10 seeds)...
  aggregate AfD = +0.2144  (target +0.2080, error +0.0064)
  DE cleavage   = +0.2673  (target +0.1500, error +0.1173)
  UK cleavage   = +0.2211  (target +0.1500, error +0.0711)
  DE dispersion = 0.0502   (target 0.0800)
  Moment fit    = 11/12

=== 1A: gain=0.0, cost=0.0, p75 ===
  Simulating DE (10 seeds)...
  Simulating UK (10 seeds)...
  aggregate AfD = +0.2179  (target +0.2080, error +0.0099)
  DE cleavage   = +0.2609  (target +0.1500, error +0.1109)
  UK cleavage   = +0.2173  (target +0.1500, error +0.0673)
  DE dispersion = 0.0495   (target 0.0800)
  Moment fit    = 10/12

=== 1B: gain=1.0, cost=0.04, p75 ===
  Simulating DE (10 seeds)...
  Simulating UK (10 seeds)...
  aggregate AfD = +0.2154  (target +0.2080, error +0.0074)
  DE cleavage   = +0.2638  (target +0.1500, error +0.1138)
  UK cleavage   = +0.2134  (target +0.1500, error +0.0634)
  DE dispersion = 0.0545   (target 0.0800)
  Moment fit    = 11/12

=== 1C joint: gain=0.25, cost=0.04, p75 ===
  Simulating DE (10 seeds)...
  Simulating UK (10 seeds)...
  aggregate AfD = +0.2334  (target +0.2080, error +0.0254)
  DE cleavage   = +0.2293  (target +0.1500, error +0.0793)
  UK cleavage   = +0.1920  (target +0.1500, error +0.0420)
  DE dispersion = 0.0522   (target 0.0800)
  Moment fit    = 9/12

=== 2C: gain=1.0, cost=0.0, p50 ===
  Simulating DE (10 seeds)...
  Simulating UK (10 seeds)...
  aggregate AfD = +0.1069  (target +0.2080, error -0.1011)
  DE cleavage   = +0.1655  (target +0.1500, error +0.0155)
  UK cleavage   = +0.1343  (target +0.1500, error -0.0157)
  DE dispersion = 0.0306   (target 0.0800)
  Moment fit    = 7/12

Saved outputs/o_construction_diagnostic.json

========================================================================================================================
CONSOLIDATED TABLE
========================================================================================================================
cell                                             agg AfD    AfD err    DE cleav    UK cleav    DE disp    fit
------------------------------------------------------------------------------------------------------------------------
baseline (gain=1.0, cost=0.0, p75)               +0.2086    +0.0006     +0.2782     +0.2294     0.0514  11/12
1A: gain=0.5, cost=0.0, p75                      +0.2122    +0.0042     +0.2714     +0.2243     0.0508  11/12
1A: gain=0.25, cost=0.0, p75                     +0.2144    +0.0064     +0.2673     +0.2211     0.0502  11/12
1A: gain=0.0, cost=0.0, p75                      +0.2179    +0.0099     +0.2609     +0.2173     0.0495  10/12
1B: gain=1.0, cost=0.04, p75                     +0.2154    +0.0074     +0.2638     +0.2134     0.0545  11/12
1C joint: gain=0.25, cost=0.04, p75              +0.2334    +0.0254     +0.2293     +0.1920     0.0522   9/12
2C: gain=1.0, cost=0.0, p50                      +0.1069    -0.1011     +0.1655     +0.1343     0.0306   7/12
