Warm-start theta_hat = [8.252515052738755, 0.2, 0.9, 0.2, 0.05792025732263979, -5.43499415749763, 3.0, 0.85]
Variants: ['control', 'widen_beta_renter', 'widen_rho_aspiration', 'widen_alpha_local', 'widen_assortative_exponent', 'widen_intergenerational_skill_corr', 'widen_ceiling_joint']
Budget per variant: 40 Stage 1, 20 Stage 2, 10 variance reps

==============================================================================
VARIANT: control
  Original bounds at reduced budget; calibration anchor for the diagnostic.
==============================================================================
[control] Stage 0: variance reps = 10, 5 seeds each, at warm point
[control] Stage 1: warm-start at theta_hat, n_calls = 40, n_initial_points = 10
/Users/admin/Projects/abm-populism/.venv/lib/python3.12/site-packages/skopt/sampler/sobol.py:521: UserWarning: The balance properties of Sobol' points require n to be a power of 2. 0 points have been previously generated, then: n=0+11=11. 
  warnings.warn(
[control]   stage1 iter   5/40: obj = 4.5189e+02, best = 1.4231e+02
[control]   stage1 iter  10/40: obj = 7.8165e+03, best = 1.4231e+02
[control]   stage1 iter  15/40: obj = 4.4592e+02, best = 1.4231e+02
[control]   stage1 iter  20/40: obj = 1.2481e+03, best = 1.4231e+02
[control]   stage1 iter  25/40: obj = 2.8330e+03, best = 1.4231e+02
[control]   stage1 iter  30/40: obj = 5.9780e+02, best = 1.4231e+02
[control]   stage1 iter  35/40: obj = 7.0189e+02, best = 1.4231e+02
[control]   stage1 iter  40/40: obj = 1.9086e+03, best = 1.4231e+02
[control] Stage 2: variance reps = 10 at theta1
[control] Stage 2: gp_minimize, n_calls = 20, warm-started at stage 1 optimum
/Users/admin/Projects/abm-populism/.venv/lib/python3.12/site-packages/skopt/sampler/sobol.py:521: UserWarning: The balance properties of Sobol' points require n to be a power of 2. 0 points have been previously generated, then: n=0+6=6. 
  warnings.warn(
[control]   stage2 iter   5/20: obj = 2.9294e+05, best = 5.5734e+03
[control]   stage2 iter  10/20: obj = 9.1585e+03, best = 5.5734e+03
[control]   stage2 iter  15/20: obj = 1.6931e+05, best = 5.2068e+03
[control]   stage2 iter  20/20: obj = 1.6370e+05, best = 5.2068e+03
[control] saved outputs/widen_bounds_control.json (elapsed 602 s)
[control] theta_hat:
    beta_dissat                      = +8.2456  (interior)
    beta_renter                      = +0.2064  (low)
    rho_aspiration                   = +0.9000  (high)
    alpha_local                      = +0.2000  (low)
    price_slope                      = +0.0587  (interior)
    beta_0                           = -5.5048  (interior)
    assortative_exponent             = +3.0000  (high)
    intergenerational_skill_corr     = +0.8464  (high)
[control] aggregate AfD share = +0.2030  (target +0.2080)
[control] renter-owner cleavage = +0.2739  (target +0.150)

==============================================================================
VARIANT: widen_beta_renter
  Renter premium low bound widened: 0.20 -> 0.00.
  override: beta_renter low=0.0 high=None
==============================================================================
[widen_beta_renter] Stage 0: variance reps = 10, 5 seeds each, at warm point
[widen_beta_renter] Stage 1: warm-start at theta_hat, n_calls = 40, n_initial_points = 10
/Users/admin/Projects/abm-populism/.venv/lib/python3.12/site-packages/skopt/sampler/sobol.py:521: UserWarning: The balance properties of Sobol' points require n to be a power of 2. 0 points have been previously generated, then: n=0+11=11. 
  warnings.warn(
[widen_beta_renter]   stage1 iter   5/40: obj = 4.3956e+02, best = 1.4231e+02
[widen_beta_renter]   stage1 iter  10/40: obj = 7.9091e+03, best = 1.4231e+02
[widen_beta_renter]   stage1 iter  15/40: obj = 2.4296e+02, best = 1.4231e+02
[widen_beta_renter]   stage1 iter  20/40: obj = 5.6223e+02, best = 1.4231e+02
[widen_beta_renter]   stage1 iter  25/40: obj = 1.6139e+02, best = 1.4114e+02
[widen_beta_renter]   stage1 iter  30/40: obj = 5.2769e+02, best = 1.4114e+02
[widen_beta_renter]   stage1 iter  35/40: obj = 3.6910e+02, best = 1.4114e+02
[widen_beta_renter]   stage1 iter  40/40: obj = 1.4345e+02, best = 1.3970e+02
[widen_beta_renter] Stage 2: variance reps = 10 at theta1
[widen_beta_renter] Stage 2: gp_minimize, n_calls = 20, warm-started at stage 1 optimum
/Users/admin/Projects/abm-populism/.venv/lib/python3.12/site-packages/skopt/sampler/sobol.py:521: UserWarning: The balance properties of Sobol' points require n to be a power of 2. 0 points have been previously generated, then: n=0+6=6. 
  warnings.warn(
[widen_beta_renter]   stage2 iter   5/20: obj = 8.4861e+04, best = 3.2683e+03
[widen_beta_renter]   stage2 iter  10/20: obj = 3.4327e+04, best = 2.4202e+03
[widen_beta_renter]   stage2 iter  15/20: obj = 7.2992e+04, best = 2.3663e+03
[widen_beta_renter]   stage2 iter  20/20: obj = 4.4142e+03, best = 2.3663e+03
[widen_beta_renter] saved outputs/widen_bounds_widen_beta_renter.json (elapsed 570 s)
[widen_beta_renter] theta_hat:
    beta_dissat                      = +9.0000  (high)
    beta_renter                      = +0.1360  (interior)
    rho_aspiration                   = +0.9000  (high)
    alpha_local                      = +0.2000  (low)
    price_slope                      = +0.0448  (interior)
    beta_0                           = -5.5929  (interior)
    assortative_exponent             = +2.8227  (interior)
    intergenerational_skill_corr     = +0.8497  (high)
[widen_beta_renter] aggregate AfD share = +0.2258  (target +0.2080)
[widen_beta_renter] renter-owner cleavage = +0.2956  (target +0.150)

==============================================================================
VARIANT: widen_rho_aspiration
  Aspiration persistence high bound widened: 0.90 -> 0.99.
  override: rho_aspiration low=None high=0.99
==============================================================================
[widen_rho_aspiration] Stage 0: variance reps = 10, 5 seeds each, at warm point
[widen_rho_aspiration] Stage 1: warm-start at theta_hat, n_calls = 40, n_initial_points = 10
/Users/admin/Projects/abm-populism/.venv/lib/python3.12/site-packages/skopt/sampler/sobol.py:521: UserWarning: The balance properties of Sobol' points require n to be a power of 2. 0 points have been previously generated, then: n=0+11=11. 
  warnings.warn(
[widen_rho_aspiration]   stage1 iter   5/40: obj = 4.0178e+02, best = 1.4231e+02
[widen_rho_aspiration]   stage1 iter  10/40: obj = 7.9070e+03, best = 1.4231e+02
[widen_rho_aspiration]   stage1 iter  15/40: obj = 9.3396e+02, best = 1.4231e+02
[widen_rho_aspiration]   stage1 iter  20/40: obj = 2.0511e+03, best = 1.4231e+02
[widen_rho_aspiration]   stage1 iter  25/40: obj = 4.8607e+02, best = 1.4231e+02
[widen_rho_aspiration]   stage1 iter  30/40: obj = 3.1945e+02, best = 1.4231e+02
[widen_rho_aspiration]   stage1 iter  35/40: obj = 9.0203e+02, best = 1.4231e+02
[widen_rho_aspiration]   stage1 iter  40/40: obj = 6.2198e+03, best = 1.4231e+02
[widen_rho_aspiration] Stage 2: variance reps = 10 at theta1
[widen_rho_aspiration] Stage 2: gp_minimize, n_calls = 20, warm-started at stage 1 optimum
/Users/admin/Projects/abm-populism/.venv/lib/python3.12/site-packages/skopt/sampler/sobol.py:521: UserWarning: The balance properties of Sobol' points require n to be a power of 2. 0 points have been previously generated, then: n=0+6=6. 
  warnings.warn(
[widen_rho_aspiration]   stage2 iter   5/20: obj = 1.5165e+05, best = 5.5734e+03
[widen_rho_aspiration]   stage2 iter  10/20: obj = 5.3973e+03, best = 5.3973e+03
[widen_rho_aspiration]   stage2 iter  15/20: obj = 5.6915e+03, best = 5.3973e+03
[widen_rho_aspiration]   stage2 iter  20/20: obj = 1.1443e+04, best = 5.3973e+03
[widen_rho_aspiration] saved outputs/widen_bounds_widen_rho_aspiration.json (elapsed 544 s)
[widen_rho_aspiration] theta_hat:
    beta_dissat                      = +8.2187  (interior)
    beta_renter                      = +0.2012  (low)
    rho_aspiration                   = +0.8963  (interior)
    alpha_local                      = +0.2000  (low)
    price_slope                      = +0.0581  (interior)
    beta_0                           = -5.4410  (interior)
    assortative_exponent             = +3.0000  (high)
    intergenerational_skill_corr     = +0.8492  (high)
[widen_rho_aspiration] aggregate AfD share = +0.2101  (target +0.2080)
[widen_rho_aspiration] renter-owner cleavage = +0.2802  (target +0.150)

==============================================================================
VARIANT: widen_alpha_local
  Local-reference share low bound widened: 0.20 -> 0.00.
  override: alpha_local low=0.0 high=None
==============================================================================
[widen_alpha_local] Stage 0: variance reps = 10, 5 seeds each, at warm point
[widen_alpha_local] Stage 1: warm-start at theta_hat, n_calls = 40, n_initial_points = 10
/Users/admin/Projects/abm-populism/.venv/lib/python3.12/site-packages/skopt/sampler/sobol.py:521: UserWarning: The balance properties of Sobol' points require n to be a power of 2. 0 points have been previously generated, then: n=0+11=11. 
  warnings.warn(
[widen_alpha_local]   stage1 iter   5/40: obj = 4.0652e+02, best = 1.4231e+02
[widen_alpha_local]   stage1 iter  10/40: obj = 7.8092e+03, best = 1.4231e+02
[widen_alpha_local]   stage1 iter  15/40: obj = 4.9127e+02, best = 1.4231e+02
[widen_alpha_local]   stage1 iter  20/40: obj = 1.1600e+03, best = 1.4231e+02
[widen_alpha_local]   stage1 iter  25/40: obj = 2.6110e+03, best = 1.4231e+02
[widen_alpha_local]   stage1 iter  30/40: obj = 9.4969e+02, best = 1.4231e+02
[widen_alpha_local]   stage1 iter  35/40: obj = 6.7357e+02, best = 1.4231e+02
[widen_alpha_local]   stage1 iter  40/40: obj = 1.1502e+02, best = 1.1502e+02
[widen_alpha_local] Stage 2: variance reps = 10 at theta1
[widen_alpha_local] Stage 2: gp_minimize, n_calls = 20, warm-started at stage 1 optimum
/Users/admin/Projects/abm-populism/.venv/lib/python3.12/site-packages/skopt/sampler/sobol.py:521: UserWarning: The balance properties of Sobol' points require n to be a power of 2. 0 points have been previously generated, then: n=0+6=6. 
  warnings.warn(
[widen_alpha_local]   stage2 iter   5/20: obj = 3.1281e+05, best = 2.6842e+03
[widen_alpha_local]   stage2 iter  10/20: obj = 2.2958e+04, best = 2.6842e+03
[widen_alpha_local]   stage2 iter  15/20: obj = 9.5592e+04, best = 2.0620e+03
[widen_alpha_local]   stage2 iter  20/20: obj = 2.3192e+04, best = 2.0620e+03
[widen_alpha_local] saved outputs/widen_bounds_widen_alpha_local.json (elapsed 540 s)
[widen_alpha_local] theta_hat:
    beta_dissat                      = +8.5777  (interior)
    beta_renter                      = +0.2003  (low)
    rho_aspiration                   = +0.9000  (high)
    alpha_local                      = +0.0000  (low)
    price_slope                      = +0.0400  (low)
    beta_0                           = -5.6111  (interior)
    assortative_exponent             = +2.9998  (high)
    intergenerational_skill_corr     = +0.5228  (interior)
[widen_alpha_local] aggregate AfD share = +0.2090  (target +0.2080)
[widen_alpha_local] renter-owner cleavage = +0.2806  (target +0.150)

==============================================================================
VARIANT: widen_assortative_exponent
  Assortative-bequest exponent high bound widened: 3.0 -> 4.5.
  override: assortative_exponent low=None high=4.5
==============================================================================
[widen_assortative_exponent] Stage 0: variance reps = 10, 5 seeds each, at warm point
[widen_assortative_exponent] Stage 1: warm-start at theta_hat, n_calls = 40, n_initial_points = 10
/Users/admin/Projects/abm-populism/.venv/lib/python3.12/site-packages/skopt/sampler/sobol.py:521: UserWarning: The balance properties of Sobol' points require n to be a power of 2. 0 points have been previously generated, then: n=0+11=11. 
  warnings.warn(
[widen_assortative_exponent]   stage1 iter   5/40: obj = 4.5462e+02, best = 1.4231e+02
[widen_assortative_exponent]   stage1 iter  10/40: obj = 7.8221e+03, best = 1.4231e+02
[widen_assortative_exponent]   stage1 iter  15/40: obj = 1.5091e+04, best = 1.4231e+02
[widen_assortative_exponent]   stage1 iter  20/40: obj = 6.5522e+02, best = 1.4231e+02
[widen_assortative_exponent]   stage1 iter  25/40: obj = 8.7384e+02, best = 1.4231e+02
[widen_assortative_exponent]   stage1 iter  30/40: obj = 6.2560e+02, best = 1.4231e+02
[widen_assortative_exponent]   stage1 iter  35/40: obj = 1.2191e+03, best = 1.4231e+02
[widen_assortative_exponent]   stage1 iter  40/40: obj = 5.4105e+02, best = 1.4231e+02
[widen_assortative_exponent] Stage 2: variance reps = 10 at theta1
[widen_assortative_exponent] Stage 2: gp_minimize, n_calls = 20, warm-started at stage 1 optimum
/Users/admin/Projects/abm-populism/.venv/lib/python3.12/site-packages/skopt/sampler/sobol.py:521: UserWarning: The balance properties of Sobol' points require n to be a power of 2. 0 points have been previously generated, then: n=0+6=6. 
  warnings.warn(
[widen_assortative_exponent]   stage2 iter   5/20: obj = 2.7962e+05, best = 5.5734e+03
[widen_assortative_exponent]   stage2 iter  10/20: obj = 3.4491e+04, best = 5.5734e+03
[widen_assortative_exponent]   stage2 iter  15/20: obj = 6.1025e+03, best = 5.5734e+03
[widen_assortative_exponent]   stage2 iter  20/20: obj = 3.2606e+04, best = 5.5734e+03
[widen_assortative_exponent] saved outputs/widen_bounds_widen_assortative_exponent.json (elapsed 541 s)
[widen_assortative_exponent] theta_hat:
    beta_dissat                      = +8.2525  (interior)
    beta_renter                      = +0.2000  (low)
    rho_aspiration                   = +0.9000  (high)
    alpha_local                      = +0.2000  (low)
    price_slope                      = +0.0579  (interior)
    beta_0                           = -5.4350  (interior)
    assortative_exponent             = +3.0000  (interior)
    intergenerational_skill_corr     = +0.8500  (high)
[widen_assortative_exponent] aggregate AfD share = +0.2093  (target +0.2080)
[widen_assortative_exponent] renter-owner cleavage = +0.2797  (target +0.150)

==============================================================================
VARIANT: widen_intergenerational_skill_corr
  Intergenerational skill correlation high bound widened: 0.85 -> 0.99.
  override: intergenerational_skill_corr low=None high=0.99
==============================================================================
[widen_intergenerational_skill_corr] Stage 0: variance reps = 10, 5 seeds each, at warm point
[widen_intergenerational_skill_corr] Stage 1: warm-start at theta_hat, n_calls = 40, n_initial_points = 10
/Users/admin/Projects/abm-populism/.venv/lib/python3.12/site-packages/skopt/sampler/sobol.py:521: UserWarning: The balance properties of Sobol' points require n to be a power of 2. 0 points have been previously generated, then: n=0+11=11. 
  warnings.warn(
[widen_intergenerational_skill_corr]   stage1 iter   5/40: obj = 4.5056e+02, best = 1.4231e+02
[widen_intergenerational_skill_corr]   stage1 iter  10/40: obj = 7.8202e+03, best = 1.4231e+02
[widen_intergenerational_skill_corr]   stage1 iter  15/40: obj = 5.8846e+02, best = 1.4231e+02
[widen_intergenerational_skill_corr]   stage1 iter  20/40: obj = 4.8654e+03, best = 1.4231e+02
[widen_intergenerational_skill_corr]   stage1 iter  25/40: obj = 2.9872e+02, best = 1.4231e+02
[widen_intergenerational_skill_corr]   stage1 iter  30/40: obj = 2.1232e+03, best = 1.4231e+02
[widen_intergenerational_skill_corr]   stage1 iter  35/40: obj = 5.2858e+02, best = 1.4231e+02
[widen_intergenerational_skill_corr]   stage1 iter  40/40: obj = 4.6211e+03, best = 1.4231e+02
[widen_intergenerational_skill_corr] Stage 2: variance reps = 10 at theta1
[widen_intergenerational_skill_corr] Stage 2: gp_minimize, n_calls = 20, warm-started at stage 1 optimum
/Users/admin/Projects/abm-populism/.venv/lib/python3.12/site-packages/skopt/sampler/sobol.py:521: UserWarning: The balance properties of Sobol' points require n to be a power of 2. 0 points have been previously generated, then: n=0+6=6. 
  warnings.warn(
[widen_intergenerational_skill_corr]   stage2 iter   5/20: obj = 2.8543e+05, best = 5.5734e+03
[widen_intergenerational_skill_corr]   stage2 iter  10/20: obj = 2.4660e+04, best = 5.5734e+03
[widen_intergenerational_skill_corr]   stage2 iter  15/20: obj = 6.5547e+03, best = 5.5734e+03
[widen_intergenerational_skill_corr]   stage2 iter  20/20: obj = 5.3875e+04, best = 5.0631e+03
[widen_intergenerational_skill_corr] saved outputs/widen_bounds_widen_intergenerational_skill_corr.json (elapsed 540 s)
[widen_intergenerational_skill_corr] theta_hat:
    beta_dissat                      = +7.8281  (interior)
    beta_renter                      = +0.2000  (low)
    rho_aspiration                   = +0.8734  (interior)
    alpha_local                      = +0.2000  (low)
    price_slope                      = +0.0400  (low)
    beta_0                           = -5.3570  (interior)
    assortative_exponent             = +3.0000  (high)
    intergenerational_skill_corr     = +0.8003  (interior)
[widen_intergenerational_skill_corr] aggregate AfD share = +0.2089  (target +0.2080)
[widen_intergenerational_skill_corr] renter-owner cleavage = +0.2730  (target +0.150)

==============================================================================
VARIANT: widen_ceiling_joint
  Three ceiling-bound parameters widened simultaneously.
  override: rho_aspiration low=None high=0.99
  override: assortative_exponent low=None high=4.5
  override: intergenerational_skill_corr low=None high=0.99
==============================================================================
[widen_ceiling_joint] Stage 0: variance reps = 10, 5 seeds each, at warm point
[widen_ceiling_joint] Stage 1: warm-start at theta_hat, n_calls = 40, n_initial_points = 10
/Users/admin/Projects/abm-populism/.venv/lib/python3.12/site-packages/skopt/sampler/sobol.py:521: UserWarning: The balance properties of Sobol' points require n to be a power of 2. 0 points have been previously generated, then: n=0+11=11. 
  warnings.warn(
[widen_ceiling_joint]   stage1 iter   5/40: obj = 4.0243e+02, best = 1.4231e+02
[widen_ceiling_joint]   stage1 iter  10/40: obj = 7.9090e+03, best = 1.4231e+02
[widen_ceiling_joint]   stage1 iter  15/40: obj = 9.4106e+02, best = 1.4231e+02
[widen_ceiling_joint]   stage1 iter  20/40: obj = 2.1233e+03, best = 1.4231e+02
[widen_ceiling_joint]   stage1 iter  25/40: obj = 1.5366e+02, best = 1.4231e+02
[widen_ceiling_joint]   stage1 iter  30/40: obj = 1.9281e+02, best = 1.4231e+02
[widen_ceiling_joint]   stage1 iter  35/40: obj = 7.0286e+02, best = 1.4231e+02
[widen_ceiling_joint]   stage1 iter  40/40: obj = 2.0932e+02, best = 1.4231e+02
[widen_ceiling_joint] Stage 2: variance reps = 10 at theta1
[widen_ceiling_joint] Stage 2: gp_minimize, n_calls = 20, warm-started at stage 1 optimum
/Users/admin/Projects/abm-populism/.venv/lib/python3.12/site-packages/skopt/sampler/sobol.py:521: UserWarning: The balance properties of Sobol' points require n to be a power of 2. 0 points have been previously generated, then: n=0+6=6. 
  warnings.warn(
[widen_ceiling_joint]   stage2 iter   5/20: obj = 1.3622e+05, best = 5.5734e+03
[widen_ceiling_joint]   stage2 iter  10/20: obj = 9.9696e+03, best = 5.5734e+03
[widen_ceiling_joint]   stage2 iter  15/20: obj = 5.7827e+04, best = 4.8920e+03
[widen_ceiling_joint]   stage2 iter  20/20: obj = 2.9206e+03, best = 2.9206e+03
[widen_ceiling_joint] saved outputs/widen_bounds_widen_ceiling_joint.json (elapsed 555 s)
[widen_ceiling_joint] theta_hat:
    beta_dissat                      = +8.3649  (interior)
    beta_renter                      = +0.2000  (low)
    rho_aspiration                   = +0.8846  (interior)
    alpha_local                      = +0.2000  (low)
    price_slope                      = +0.0400  (low)
    beta_0                           = -5.7960  (interior)
    assortative_exponent             = +3.7289  (interior)
    intergenerational_skill_corr     = +0.9900  (high)
[widen_ceiling_joint] aggregate AfD share = +0.1927  (target +0.2080)
[widen_ceiling_joint] renter-owner cleavage = +0.2593  (target +0.150)

Saved outputs/widen_bounds_summary.json

====================================================================================================
HEADLINE COMPARISON (across variants)
====================================================================================================
variant                                      agg AfD    cleavage         binding state of widened param(s)
control                                      +0.2030     +0.2739  (none, control)
widen_beta_renter                            +0.2258     +0.2956  beta_renter=interior
widen_rho_aspiration                         +0.2101     +0.2802  rho_aspiration=interior
widen_alpha_local                            +0.2090     +0.2806  alpha_local=low
widen_assortative_exponent                   +0.2093     +0.2797  assortative_exponent=interior
widen_intergenerational_skill_corr           +0.2089     +0.2730  intergenerational_skill_corr=interior
widen_ceiling_joint                          +0.1927     +0.2593  rho_aspiration=interior, assortative_exponent=interior, intergenerational_skill_corr=high
